{
  "stats": {
    "suites": 1,
    "tests": 4,
    "passes": 4,
    "pending": 0,
    "failures": 0,
    "start": "2024-01-25T19:32:59.417Z",
    "end": "2024-01-25T19:33:01.153Z",
    "duration": 1736,
    "testsRegistered": 4,
    "passPercent": 100,
    "pendingPercent": 0,
    "other": 0,
    "hasOther": false,
    "skipped": 0,
    "hasSkipped": false
  },
  "results": [
    {
      "uuid": "f2f41d0e-68e7-4a64-abbd-7fb8112f22b1",
      "title": "",
      "fullFile": "cypress/e2e/api_tests_spec.js",
      "file": "cypress/e2e/api_tests_spec.js",
      "beforeHooks": [],
      "afterHooks": [],
      "tests": [],
      "suites": [
        {
          "uuid": "849ca3f3-9ca2-4e95-bc6b-267962a956bd",
          "title": "API Automation Tests",
          "fullFile": "",
          "file": "",
          "beforeHooks": [],
          "afterHooks": [],
          "tests": [
            {
              "title": "Create an Auth Token",
              "fullTitle": "API Automation Tests Create an Auth Token",
              "timedOut": null,
              "duration": 1067,
              "state": "passed",
              "speed": "fast",
              "pass": true,
              "fail": false,
              "pending": false,
              "context": null,
              "code": "cy.request({\n  method: 'POST',\n  url: 'https://restful-booker.herokuapp.com/auth',\n  body: {\n    username: 'admin',\n    password: 'password123'\n  }\n}).then(function (response) {\n  expect(response.status).to.equal(200);\n  expect(response.body).to.have.property('token');\n  authToken = response.body.token;\n});",
              "err": {},
              "uuid": "26a079b9-97de-4f3f-bc05-eab5ad04c63d",
              "parentUUID": "849ca3f3-9ca2-4e95-bc6b-267962a956bd",
              "isHook": false,
              "skipped": false
            },
            {
              "title": "Get all Booking IDs",
              "fullTitle": "API Automation Tests Get all Booking IDs",
              "timedOut": null,
              "duration": 206,
              "state": "passed",
              "speed": "fast",
              "pass": true,
              "fail": false,
              "pending": false,
              "context": null,
              "code": "cy.request({\n  method: 'GET',\n  url: 'https://restful-booker.herokuapp.com/booking',\n  headers: {\n    Authorization: \"Bearer \".concat(authToken)\n  }\n}).then(function (response) {\n  expect(response.status).to.equal(200);\n  expect(response.body).to.be.an('array');\n  if (response.body.length > 0) {\n    bookingId = response.body[0].bookingid;\n  }\n});",
              "err": {},
              "uuid": "6b9dded7-397e-4725-b9fc-991affded32c",
              "parentUUID": "849ca3f3-9ca2-4e95-bc6b-267962a956bd",
              "isHook": false,
              "skipped": false
            },
            {
              "title": "Create a Booking",
              "fullTitle": "API Automation Tests Create a Booking",
              "timedOut": null,
              "duration": 201,
              "state": "passed",
              "speed": "fast",
              "pass": true,
              "fail": false,
              "pending": false,
              "context": null,
              "code": "var bookingData = {\n  firstname: 'John',\n  lastname: 'Doe',\n  totalprice: 200,\n  depositpaid: true,\n  bookingdates: {\n    checkin: '2022-05-01',\n    checkout: '2022-05-05'\n  },\n  additionalneeds: 'Breakfast'\n};\ncy.request({\n  method: 'POST',\n  url: 'https://restful-booker.herokuapp.com/booking',\n  headers: {\n    Authorization: \"Bearer \".concat(authToken)\n  },\n  body: bookingData\n}).then(function (response) {\n  expect(response.status).to.equal(200);\n  expect(response.body).to.have.property('bookingid');\n  bookingId = response.body.bookingid;\n});",
              "err": {},
              "uuid": "f53ede68-c30e-43da-8f7e-6ad9feb54cac",
              "parentUUID": "849ca3f3-9ca2-4e95-bc6b-267962a956bd",
              "isHook": false,
              "skipped": false
            },
            {
              "title": "Update a Booking",
              "fullTitle": "API Automation Tests Update a Booking",
              "timedOut": null,
              "duration": 197,
              "state": "passed",
              "speed": "fast",
              "pass": true,
              "fail": false,
              "pending": false,
              "context": null,
              "code": "var updatedBookingData = {\n  firstname: 'UpdatedJohn',\n  lastname: 'UpdatedDoe',\n  \"totalprice\": 111,\n  \"depositpaid\": true,\n  \"bookingdates\": {\n    \"checkin\": \"2018-01-01\",\n    \"checkout\": \"2019-01-01\"\n  },\n  \"additionalneeds\": \"Breakfast\"\n};\ncy.request({\n  method: 'PUT',\n  url: \"https://restful-booker.herokuapp.com/booking/\".concat(bookingId),\n  headers: {\n    'Content-Type': 'application/json',\n    'Accept': 'application/json',\n    'Cookie': \"token=\".concat(authToken)\n  },\n  body: updatedBookingData\n}).then(function (response) {\n  expect(response.status).to.equal(200);\n  expect(response.body.firstname).to.equal('UpdatedJohn');\n  expect(response.body.lastname).to.equal('UpdatedDoe');\n});",
              "err": {},
              "uuid": "ad26549a-c68a-41cc-96ab-6dd234d1903d",
              "parentUUID": "849ca3f3-9ca2-4e95-bc6b-267962a956bd",
              "isHook": false,
              "skipped": false
            }
          ],
          "suites": [],
          "passes": [
            "26a079b9-97de-4f3f-bc05-eab5ad04c63d",
            "6b9dded7-397e-4725-b9fc-991affded32c",
            "f53ede68-c30e-43da-8f7e-6ad9feb54cac",
            "ad26549a-c68a-41cc-96ab-6dd234d1903d"
          ],
          "failures": [],
          "pending": [],
          "skipped": [],
          "duration": 1671,
          "root": false,
          "rootEmpty": false,
          "_timeout": 2000
        }
      ],
      "passes": [],
      "failures": [],
      "pending": [],
      "skipped": [],
      "duration": 0,
      "root": true,
      "rootEmpty": true,
      "_timeout": 2000
    }
  ],
  "meta": {
    "mocha": {
      "version": "7.0.1"
    },
    "mochawesome": {
      "options": {
        "quiet": false,
        "reportFilename": "cypressMochawesomeReport",
        "saveHtml": false,
        "saveJson": true,
        "consoleReporter": "spec",
        "useInlineDiffs": false,
        "code": true
      },
      "version": "7.1.3"
    },
    "marge": {
      "options": {
        "reportFilename": "cypressMochawesomeReport",
        "videoOnFailOnly": "true",
        "overwrite": false,
        "html": false,
        "json": true,
        "reportDir": "cypress/reports/html/.jsons"
      },
      "version": "6.2.0"
    }
  }
}