{
  "stats": {
    "suites": 1,
    "tests": 4,
    "passes": 4,
    "pending": 0,
    "failures": 0,
    "start": "2024-01-25T19:41:48.229Z",
    "end": "2024-01-25T19:42:09.397Z",
    "duration": 21168,
    "testsRegistered": 4,
    "passPercent": 100,
    "pendingPercent": 0,
    "other": 0,
    "hasOther": false,
    "skipped": 0,
    "hasSkipped": false
  },
  "results": [
    {
      "uuid": "756bcdc0-a07f-4bef-a2d7-5925b2a70c2f",
      "title": "",
      "fullFile": "cypress/e2e/api-test/api_tests_spec.js",
      "file": "cypress/e2e/api-test/api_tests_spec.js",
      "beforeHooks": [],
      "afterHooks": [],
      "tests": [],
      "suites": [
        {
          "uuid": "4dde1ec3-9a2c-48a2-8337-c6da2705a694",
          "title": "API Automation Tests",
          "fullFile": "",
          "file": "",
          "beforeHooks": [],
          "afterHooks": [],
          "tests": [
            {
              "title": "Create an Auth Token",
              "fullTitle": "API Automation Tests Create an Auth Token",
              "timedOut": null,
              "duration": 20508,
              "state": "passed",
              "speed": "slow",
              "pass": true,
              "fail": false,
              "pending": false,
              "context": null,
              "code": "cy.request({\n  method: 'POST',\n  url: 'https://restful-booker.herokuapp.com/auth',\n  body: {\n    username: 'admin',\n    password: 'password123'\n  }\n}).then(function (response) {\n  expect(response.status).to.equal(200);\n  expect(response.body).to.have.property('token');\n  authToken = response.body.token;\n});",
              "err": {},
              "uuid": "2416100e-316c-42b6-80c1-cb8d8eb4440a",
              "parentUUID": "4dde1ec3-9a2c-48a2-8337-c6da2705a694",
              "isHook": false,
              "skipped": false
            },
            {
              "title": "Get all Booking IDs",
              "fullTitle": "API Automation Tests Get all Booking IDs",
              "timedOut": null,
              "duration": 205,
              "state": "passed",
              "speed": "fast",
              "pass": true,
              "fail": false,
              "pending": false,
              "context": null,
              "code": "cy.request({\n  method: 'GET',\n  url: 'https://restful-booker.herokuapp.com/booking',\n  headers: {\n    Authorization: \"Bearer \".concat(authToken)\n  }\n}).then(function (response) {\n  expect(response.status).to.equal(200);\n  expect(response.body).to.be.an('array');\n  if (response.body.length > 0) {\n    bookingId = response.body[0].bookingid;\n  }\n});",
              "err": {},
              "uuid": "1c937f00-0f59-46a6-8334-e87ce134c30d",
              "parentUUID": "4dde1ec3-9a2c-48a2-8337-c6da2705a694",
              "isHook": false,
              "skipped": false
            },
            {
              "title": "Create a Booking",
              "fullTitle": "API Automation Tests Create a Booking",
              "timedOut": null,
              "duration": 191,
              "state": "passed",
              "speed": "fast",
              "pass": true,
              "fail": false,
              "pending": false,
              "context": null,
              "code": "var bookingData = {\n  firstname: 'John',\n  lastname: 'Doe',\n  totalprice: 200,\n  depositpaid: true,\n  bookingdates: {\n    checkin: '2022-05-01',\n    checkout: '2022-05-05'\n  },\n  additionalneeds: 'Breakfast'\n};\ncy.request({\n  method: 'POST',\n  url: 'https://restful-booker.herokuapp.com/booking',\n  headers: {\n    Authorization: \"Bearer \".concat(authToken)\n  },\n  body: bookingData\n}).then(function (response) {\n  expect(response.status).to.equal(200);\n  expect(response.body).to.have.property('bookingid');\n  bookingId = response.body.bookingid;\n});",
              "err": {},
              "uuid": "00aecf43-796f-44df-a386-839aac9e87a8",
              "parentUUID": "4dde1ec3-9a2c-48a2-8337-c6da2705a694",
              "isHook": false,
              "skipped": false
            },
            {
              "title": "Update a Booking",
              "fullTitle": "API Automation Tests Update a Booking",
              "timedOut": null,
              "duration": 190,
              "state": "passed",
              "speed": "fast",
              "pass": true,
              "fail": false,
              "pending": false,
              "context": null,
              "code": "var updatedBookingData = {\n  firstname: 'UpdatedJohn',\n  lastname: 'UpdatedDoe',\n  \"totalprice\": 111,\n  \"depositpaid\": true,\n  \"bookingdates\": {\n    \"checkin\": \"2018-01-01\",\n    \"checkout\": \"2019-01-01\"\n  },\n  \"additionalneeds\": \"Breakfast\"\n};\ncy.request({\n  method: 'PUT',\n  url: \"https://restful-booker.herokuapp.com/booking/\".concat(bookingId),\n  headers: {\n    'Content-Type': 'application/json',\n    'Accept': 'application/json',\n    'Cookie': \"token=\".concat(authToken)\n  },\n  body: updatedBookingData\n}).then(function (response) {\n  expect(response.status).to.equal(200);\n  expect(response.body.firstname).to.equal('UpdatedJohn');\n  expect(response.body.lastname).to.equal('UpdatedDoe');\n});",
              "err": {},
              "uuid": "27660265-e000-4aae-b965-ed02844d1b9f",
              "parentUUID": "4dde1ec3-9a2c-48a2-8337-c6da2705a694",
              "isHook": false,
              "skipped": false
            }
          ],
          "suites": [],
          "passes": [
            "2416100e-316c-42b6-80c1-cb8d8eb4440a",
            "1c937f00-0f59-46a6-8334-e87ce134c30d",
            "00aecf43-796f-44df-a386-839aac9e87a8",
            "27660265-e000-4aae-b965-ed02844d1b9f"
          ],
          "failures": [],
          "pending": [],
          "skipped": [],
          "duration": 21094,
          "root": false,
          "rootEmpty": false,
          "_timeout": 2000
        }
      ],
      "passes": [],
      "failures": [],
      "pending": [],
      "skipped": [],
      "duration": 0,
      "root": true,
      "rootEmpty": true,
      "_timeout": 2000
    }
  ],
  "meta": {
    "mocha": {
      "version": "7.0.1"
    },
    "mochawesome": {
      "options": {
        "quiet": false,
        "reportFilename": "cypressMochawesomeReport",
        "saveHtml": false,
        "saveJson": true,
        "consoleReporter": "spec",
        "useInlineDiffs": false,
        "code": true
      },
      "version": "7.1.3"
    },
    "marge": {
      "options": {
        "reportFilename": "cypressMochawesomeReport",
        "videoOnFailOnly": "true",
        "overwrite": false,
        "html": false,
        "json": true,
        "reportDir": "cypress/reports/html/.jsons"
      },
      "version": "6.2.0"
    }
  }
}