{
  "stats": {
    "suites": 1,
    "tests": 4,
    "passes": 0,
    "pending": 0,
    "failures": 4,
    "start": "2024-01-25T18:44:58.373Z",
    "end": "2024-01-25T18:45:02.047Z",
    "duration": 3674,
    "testsRegistered": 4,
    "passPercent": 0,
    "pendingPercent": 0,
    "other": 0,
    "hasOther": false,
    "skipped": 0,
    "hasSkipped": false
  },
  "results": [
    {
      "uuid": "74ea69a4-4e88-44d7-a2e6-c20802411e52",
      "title": "",
      "fullFile": "cypress/e2e/api_tests_spec.js",
      "file": "cypress/e2e/api_tests_spec.js",
      "beforeHooks": [],
      "afterHooks": [],
      "tests": [],
      "suites": [
        {
          "uuid": "e966013d-da97-4bfb-acea-c44d417f7c50",
          "title": "API Automation Tests",
          "fullFile": "",
          "file": "",
          "beforeHooks": [],
          "afterHooks": [],
          "tests": [
            {
              "title": "Create an Auth Token",
              "fullTitle": "API Automation Tests Create an Auth Token",
              "timedOut": null,
              "duration": 1304,
              "state": "failed",
              "speed": null,
              "pass": false,
              "fail": true,
              "pending": false,
              "context": null,
              "code": "cy.request({\n  method: 'POST',\n  url: 'https://restful-booker.herokuapp.com/auth',\n  body: {\n    username: 'admin',\n    password: 'password123'\n  }\n}).then(function (response) {\n  expect(response.status).to.equal(200);\n  expect(response.body).to.have.property('token');\n  authToken = response.body.token;\n});",
              "err": {
                "message": "CypressError: `cy.request()` failed on:\n\nhttps://restful-booker.herokuapp.com/auth\n\nThe response we received from your web server was:\n\n  > 503: Service Unavailable\n\nThis was considered a failure because the status code was not `2xx` or `3xx`.\n\nIf you do not want status codes to cause failures pass the option: `failOnStatusCode: false`\n\n-----------------------------------------------------------\n\nThe request we sent was:\n\nMethod: POST\nURL: https://restful-booker.herokuapp.com/auth\nHeaders: {\n  \"Connection\": \"keep-alive\",\n  \"user-agent\": \"Mozilla/5.0 (Macintosh; Intel Mac OS X 10_15_7) AppleWebKit/537.36 (KHTML, like Gecko) Cypress/13.6.3 Chrome/114.0.5735.289 Electron/25.8.4 Safari/537.36\",\n  \"accept\": \"*/*\",\n  \"accept-encoding\": \"gzip, deflate\",\n  \"content-type\": \"application/json\",\n  \"content-length\": 45\n}\nBody: {\"username\":\"admin\",\"password\":\"password123\"}\n\n-----------------------------------------------------------\n\nThe response we got was:\n\nStatus: 503 - Service Unavailable\nHeaders: {\n  \"connection\": \"keep-alive\",\n  \"server\": \"Cowboy\",\n  \"date\": \"Thu, 25 Jan 2024 18:44:58 GMT\",\n  \"content-length\": \"506\",\n  \"report-to\": \"{\\\"group\\\":\\\"heroku-nel\\\",\\\"max_age\\\":3600,\\\"endpoints\\\":[{\\\"url\\\":\\\"https://nel.heroku.com/reports?ts=1706208299&sid=c46efe9b-d3d2-4a0c-8c76-bfafa16c5add&s=0EqQP2SIyaPM47%2FHdeOtvzqAEqVeMqP%2B2q7k4kAzClw%3D\\\"}]}\",\n  \"reporting-endpoints\": \"heroku-nel=https://nel.heroku.com/reports?ts=1706208299&sid=c46efe9b-d3d2-4a0c-8c76-bfafa16c5add&s=0EqQP2SIyaPM47%2FHdeOtvzqAEqVeMqP%2B2q7k4kAzClw%3D\",\n  \"nel\": \"{\\\"report_to\\\":\\\"heroku-nel\\\",\\\"max_age\\\":3600,\\\"success_fraction\\\":0.005,\\\"failure_fraction\\\":0.05,\\\"response_headers\\\":[\\\"Via\\\"]}\",\n  \"content-type\": \"text/html; charset=utf-8\",\n  \"cache-control\": \"no-cache, no-store\"\n}\nBody: <!DOCTYPE html>\n\t<html>\n\t  <head>\n\t\t<meta name=\"viewport\" content=\"width=device-width, initial-scale=1\">\n\t\t<meta charset=\"utf-8\">\n\t\t<title>Application Error</title>\n\t\t<style media=\"screen\">\n\t\t  html,body,iframe {\n\t\t\tmargin: 0;\n\t\t\tpadding: 0;\n\t\t  }\n\t\t  html,body {\n\t\t\theight: 100%;\n\t\t\toverflow: hidden;\n\t\t  }\n\t\t  iframe {\n\t\t\twidth: 100%;\n\t\t\theight: 100%;\n\t\t\tborder: 0;\n\t\t  }\n\t\t</style>\n\t  </head>\n\t  <body>\n\t\t<iframe src=\"//www.herokucdn.com/error-pages/application-error.html\"></iframe>\n\t  </body>\n\t</html>\n\n\nhttps://on.cypress.io/request",
                "estack": "CypressError: `cy.request()` failed on:\n\nhttps://restful-booker.herokuapp.com/auth\n\nThe response we received from your web server was:\n\n  > 503: Service Unavailable\n\nThis was considered a failure because the status code was not `2xx` or `3xx`.\n\nIf you do not want status codes to cause failures pass the option: `failOnStatusCode: false`\n\n-----------------------------------------------------------\n\nThe request we sent was:\n\nMethod: POST\nURL: https://restful-booker.herokuapp.com/auth\nHeaders: {\n  \"Connection\": \"keep-alive\",\n  \"user-agent\": \"Mozilla/5.0 (Macintosh; Intel Mac OS X 10_15_7) AppleWebKit/537.36 (KHTML, like Gecko) Cypress/13.6.3 Chrome/114.0.5735.289 Electron/25.8.4 Safari/537.36\",\n  \"accept\": \"*/*\",\n  \"accept-encoding\": \"gzip, deflate\",\n  \"content-type\": \"application/json\",\n  \"content-length\": 45\n}\nBody: {\"username\":\"admin\",\"password\":\"password123\"}\n\n-----------------------------------------------------------\n\nThe response we got was:\n\nStatus: 503 - Service Unavailable\nHeaders: {\n  \"connection\": \"keep-alive\",\n  \"server\": \"Cowboy\",\n  \"date\": \"Thu, 25 Jan 2024 18:44:58 GMT\",\n  \"content-length\": \"506\",\n  \"report-to\": \"{\\\"group\\\":\\\"heroku-nel\\\",\\\"max_age\\\":3600,\\\"endpoints\\\":[{\\\"url\\\":\\\"https://nel.heroku.com/reports?ts=1706208299&sid=c46efe9b-d3d2-4a0c-8c76-bfafa16c5add&s=0EqQP2SIyaPM47%2FHdeOtvzqAEqVeMqP%2B2q7k4kAzClw%3D\\\"}]}\",\n  \"reporting-endpoints\": \"heroku-nel=https://nel.heroku.com/reports?ts=1706208299&sid=c46efe9b-d3d2-4a0c-8c76-bfafa16c5add&s=0EqQP2SIyaPM47%2FHdeOtvzqAEqVeMqP%2B2q7k4kAzClw%3D\",\n  \"nel\": \"{\\\"report_to\\\":\\\"heroku-nel\\\",\\\"max_age\\\":3600,\\\"success_fraction\\\":0.005,\\\"failure_fraction\\\":0.05,\\\"response_headers\\\":[\\\"Via\\\"]}\",\n  \"content-type\": \"text/html; charset=utf-8\",\n  \"cache-control\": \"no-cache, no-store\"\n}\nBody: <!DOCTYPE html>\n\t<html>\n\t  <head>\n\t\t<meta name=\"viewport\" content=\"width=device-width, initial-scale=1\">\n\t\t<meta charset=\"utf-8\">\n\t\t<title>Application Error</title>\n\t\t<style media=\"screen\">\n\t\t  html,body,iframe {\n\t\t\tmargin: 0;\n\t\t\tpadding: 0;\n\t\t  }\n\t\t  html,body {\n\t\t\theight: 100%;\n\t\t\toverflow: hidden;\n\t\t  }\n\t\t  iframe {\n\t\t\twidth: 100%;\n\t\t\theight: 100%;\n\t\t\tborder: 0;\n\t\t  }\n\t\t</style>\n\t  </head>\n\t  <body>\n\t\t<iframe src=\"//www.herokucdn.com/error-pages/application-error.html\"></iframe>\n\t  </body>\n\t</html>\n\n\nhttps://on.cypress.io/request\n    at <unknown> (https://ecommerce-playground.lambdatest.io/__cypress/runner/cypress_runner.js:133030:72)\n    at tryCatcher (https://ecommerce-playground.lambdatest.io/__cypress/runner/cypress_runner.js:1807:23)\n    at Promise._settlePromiseFromHandler (https://ecommerce-playground.lambdatest.io/__cypress/runner/cypress_runner.js:1519:31)\n    at Promise._settlePromise (https://ecommerce-playground.lambdatest.io/__cypress/runner/cypress_runner.js:1576:18)\n    at Promise._settlePromise0 (https://ecommerce-playground.lambdatest.io/__cypress/runner/cypress_runner.js:1621:10)\n    at Promise._settlePromises (https://ecommerce-playground.lambdatest.io/__cypress/runner/cypress_runner.js:1701:18)\n    at _drainQueueStep (https://ecommerce-playground.lambdatest.io/__cypress/runner/cypress_runner.js:2407:12)\n    at _drainQueue (https://ecommerce-playground.lambdatest.io/__cypress/runner/cypress_runner.js:2400:9)\n    at Async._drainQueues (https://ecommerce-playground.lambdatest.io/__cypress/runner/cypress_runner.js:2416:5)\n    at Async.drainQueues (https://ecommerce-playground.lambdatest.io/__cypress/runner/cypress_runner.js:2286:14)\nFrom Your Spec Code:\n    at Context.eval (cypress/e2e/api_tests_spec.js:7:9)",
                "diff": null
              },
              "uuid": "c3e0c4a0-e5aa-40a3-b17b-578993c41445",
              "parentUUID": "e966013d-da97-4bfb-acea-c44d417f7c50",
              "isHook": false,
              "skipped": false
            },
            {
              "title": "Get all Booking IDs",
              "fullTitle": "API Automation Tests Get all Booking IDs",
              "timedOut": null,
              "duration": 746,
              "state": "failed",
              "speed": null,
              "pass": false,
              "fail": true,
              "pending": false,
              "context": null,
              "code": "cy.request({\n  method: 'GET',\n  url: 'https://restful-booker.herokuapp.com/booking',\n  headers: {\n    Authorization: \"Bearer \".concat(authToken)\n  }\n}).then(function (response) {\n  expect(response.status).to.equal(200);\n  expect(response.body).to.be.an('array');\n  if (response.body.length > 0) {\n    bookingId = response.body[0].bookingid;\n  }\n});",
              "err": {
                "message": "CypressError: `cy.request()` failed on:\n\nhttps://restful-booker.herokuapp.com/booking\n\nThe response we received from your web server was:\n\n  > 503: Service Unavailable\n\nThis was considered a failure because the status code was not `2xx` or `3xx`.\n\nIf you do not want status codes to cause failures pass the option: `failOnStatusCode: false`\n\n-----------------------------------------------------------\n\nThe request we sent was:\n\nMethod: GET\nURL: https://restful-booker.herokuapp.com/booking\nHeaders: {\n  \"Connection\": \"keep-alive\",\n  \"Authorization\": \"Bearer undefined\",\n  \"user-agent\": \"Mozilla/5.0 (Macintosh; Intel Mac OS X 10_15_7) AppleWebKit/537.36 (KHTML, like Gecko) Cypress/13.6.3 Chrome/114.0.5735.289 Electron/25.8.4 Safari/537.36\",\n  \"accept\": \"*/*\",\n  \"accept-encoding\": \"gzip, deflate\"\n}\n\n-----------------------------------------------------------\n\nThe response we got was:\n\nStatus: 503 - Service Unavailable\nHeaders: {\n  \"connection\": \"keep-alive\",\n  \"server\": \"Cowboy\",\n  \"date\": \"Thu, 25 Jan 2024 18:44:59 GMT\",\n  \"content-length\": \"506\",\n  \"report-to\": \"{\\\"group\\\":\\\"heroku-nel\\\",\\\"max_age\\\":3600,\\\"endpoints\\\":[{\\\"url\\\":\\\"https://nel.heroku.com/reports?ts=1706208300&sid=c46efe9b-d3d2-4a0c-8c76-bfafa16c5add&s=laIxkPVCRm0%2BvkTEd%2FqsNz7gxna6GQjhQjAhpjoufcw%3D\\\"}]}\",\n  \"reporting-endpoints\": \"heroku-nel=https://nel.heroku.com/reports?ts=1706208300&sid=c46efe9b-d3d2-4a0c-8c76-bfafa16c5add&s=laIxkPVCRm0%2BvkTEd%2FqsNz7gxna6GQjhQjAhpjoufcw%3D\",\n  \"nel\": \"{\\\"report_to\\\":\\\"heroku-nel\\\",\\\"max_age\\\":3600,\\\"success_fraction\\\":0.005,\\\"failure_fraction\\\":0.05,\\\"response_headers\\\":[\\\"Via\\\"]}\",\n  \"content-type\": \"text/html; charset=utf-8\",\n  \"cache-control\": \"no-cache, no-store\"\n}\nBody: <!DOCTYPE html>\n\t<html>\n\t  <head>\n\t\t<meta name=\"viewport\" content=\"width=device-width, initial-scale=1\">\n\t\t<meta charset=\"utf-8\">\n\t\t<title>Application Error</title>\n\t\t<style media=\"screen\">\n\t\t  html,body,iframe {\n\t\t\tmargin: 0;\n\t\t\tpadding: 0;\n\t\t  }\n\t\t  html,body {\n\t\t\theight: 100%;\n\t\t\toverflow: hidden;\n\t\t  }\n\t\t  iframe {\n\t\t\twidth: 100%;\n\t\t\theight: 100%;\n\t\t\tborder: 0;\n\t\t  }\n\t\t</style>\n\t  </head>\n\t  <body>\n\t\t<iframe src=\"//www.herokucdn.com/error-pages/application-error.html\"></iframe>\n\t  </body>\n\t</html>\n\n\nhttps://on.cypress.io/request",
                "estack": "CypressError: `cy.request()` failed on:\n\nhttps://restful-booker.herokuapp.com/booking\n\nThe response we received from your web server was:\n\n  > 503: Service Unavailable\n\nThis was considered a failure because the status code was not `2xx` or `3xx`.\n\nIf you do not want status codes to cause failures pass the option: `failOnStatusCode: false`\n\n-----------------------------------------------------------\n\nThe request we sent was:\n\nMethod: GET\nURL: https://restful-booker.herokuapp.com/booking\nHeaders: {\n  \"Connection\": \"keep-alive\",\n  \"Authorization\": \"Bearer undefined\",\n  \"user-agent\": \"Mozilla/5.0 (Macintosh; Intel Mac OS X 10_15_7) AppleWebKit/537.36 (KHTML, like Gecko) Cypress/13.6.3 Chrome/114.0.5735.289 Electron/25.8.4 Safari/537.36\",\n  \"accept\": \"*/*\",\n  \"accept-encoding\": \"gzip, deflate\"\n}\n\n-----------------------------------------------------------\n\nThe response we got was:\n\nStatus: 503 - Service Unavailable\nHeaders: {\n  \"connection\": \"keep-alive\",\n  \"server\": \"Cowboy\",\n  \"date\": \"Thu, 25 Jan 2024 18:44:59 GMT\",\n  \"content-length\": \"506\",\n  \"report-to\": \"{\\\"group\\\":\\\"heroku-nel\\\",\\\"max_age\\\":3600,\\\"endpoints\\\":[{\\\"url\\\":\\\"https://nel.heroku.com/reports?ts=1706208300&sid=c46efe9b-d3d2-4a0c-8c76-bfafa16c5add&s=laIxkPVCRm0%2BvkTEd%2FqsNz7gxna6GQjhQjAhpjoufcw%3D\\\"}]}\",\n  \"reporting-endpoints\": \"heroku-nel=https://nel.heroku.com/reports?ts=1706208300&sid=c46efe9b-d3d2-4a0c-8c76-bfafa16c5add&s=laIxkPVCRm0%2BvkTEd%2FqsNz7gxna6GQjhQjAhpjoufcw%3D\",\n  \"nel\": \"{\\\"report_to\\\":\\\"heroku-nel\\\",\\\"max_age\\\":3600,\\\"success_fraction\\\":0.005,\\\"failure_fraction\\\":0.05,\\\"response_headers\\\":[\\\"Via\\\"]}\",\n  \"content-type\": \"text/html; charset=utf-8\",\n  \"cache-control\": \"no-cache, no-store\"\n}\nBody: <!DOCTYPE html>\n\t<html>\n\t  <head>\n\t\t<meta name=\"viewport\" content=\"width=device-width, initial-scale=1\">\n\t\t<meta charset=\"utf-8\">\n\t\t<title>Application Error</title>\n\t\t<style media=\"screen\">\n\t\t  html,body,iframe {\n\t\t\tmargin: 0;\n\t\t\tpadding: 0;\n\t\t  }\n\t\t  html,body {\n\t\t\theight: 100%;\n\t\t\toverflow: hidden;\n\t\t  }\n\t\t  iframe {\n\t\t\twidth: 100%;\n\t\t\theight: 100%;\n\t\t\tborder: 0;\n\t\t  }\n\t\t</style>\n\t  </head>\n\t  <body>\n\t\t<iframe src=\"//www.herokucdn.com/error-pages/application-error.html\"></iframe>\n\t  </body>\n\t</html>\n\n\nhttps://on.cypress.io/request\n    at <unknown> (https://ecommerce-playground.lambdatest.io/__cypress/runner/cypress_runner.js:133030:72)\n    at tryCatcher (https://ecommerce-playground.lambdatest.io/__cypress/runner/cypress_runner.js:1807:23)\n    at Promise._settlePromiseFromHandler (https://ecommerce-playground.lambdatest.io/__cypress/runner/cypress_runner.js:1519:31)\n    at Promise._settlePromise (https://ecommerce-playground.lambdatest.io/__cypress/runner/cypress_runner.js:1576:18)\n    at Promise._settlePromise0 (https://ecommerce-playground.lambdatest.io/__cypress/runner/cypress_runner.js:1621:10)\n    at Promise._settlePromises (https://ecommerce-playground.lambdatest.io/__cypress/runner/cypress_runner.js:1701:18)\n    at _drainQueueStep (https://ecommerce-playground.lambdatest.io/__cypress/runner/cypress_runner.js:2407:12)\n    at _drainQueue (https://ecommerce-playground.lambdatest.io/__cypress/runner/cypress_runner.js:2400:9)\n    at Async._drainQueues (https://ecommerce-playground.lambdatest.io/__cypress/runner/cypress_runner.js:2416:5)\n    at Async.drainQueues (https://ecommerce-playground.lambdatest.io/__cypress/runner/cypress_runner.js:2286:14)\nFrom Your Spec Code:\n    at Context.eval (cypress/e2e/api_tests_spec.js:22:9)",
                "diff": null
              },
              "uuid": "d946b6ca-f02f-4b09-850a-002c0590591a",
              "parentUUID": "e966013d-da97-4bfb-acea-c44d417f7c50",
              "isHook": false,
              "skipped": false
            },
            {
              "title": "Create a Booking",
              "fullTitle": "API Automation Tests Create a Booking",
              "timedOut": null,
              "duration": 752,
              "state": "failed",
              "speed": null,
              "pass": false,
              "fail": true,
              "pending": false,
              "context": null,
              "code": "var bookingData = {\n  firstname: 'John',\n  lastname: 'Doe',\n  totalprice: 200,\n  depositpaid: true,\n  bookingdates: {\n    checkin: '2022-05-01',\n    checkout: '2022-05-05'\n  },\n  additionalneeds: 'Breakfast'\n};\ncy.request({\n  method: 'POST',\n  url: 'https://restful-booker.herokuapp.com/booking',\n  headers: {\n    Authorization: \"Bearer \".concat(authToken)\n  },\n  body: bookingData\n}).then(function (response) {\n  expect(response.status).to.equal(200);\n  expect(response.body).to.have.property('bookingid');\n  bookingId = response.body.bookingid;\n});",
              "err": {
                "message": "CypressError: `cy.request()` failed on:\n\nhttps://restful-booker.herokuapp.com/booking\n\nThe response we received from your web server was:\n\n  > 503: Service Unavailable\n\nThis was considered a failure because the status code was not `2xx` or `3xx`.\n\nIf you do not want status codes to cause failures pass the option: `failOnStatusCode: false`\n\n-----------------------------------------------------------\n\nThe request we sent was:\n\nMethod: POST\nURL: https://restful-booker.herokuapp.com/booking\nHeaders: {\n  \"Connection\": \"keep-alive\",\n  \"Authorization\": \"Bearer undefined\",\n  \"user-agent\": \"Mozilla/5.0 (Macintosh; Intel Mac OS X 10_15_7) AppleWebKit/537.36 (KHTML, like Gecko) Cypress/13.6.3 Chrome/114.0.5735.289 Electron/25.8.4 Safari/537.36\",\n  \"accept\": \"*/*\",\n  \"accept-encoding\": \"gzip, deflate\",\n  \"content-type\": \"application/json\",\n  \"content-length\": 167\n}\nBody: {\"firstname\":\"John\",\"lastname\":\"Doe\",\"totalprice\":200,\"depositpaid\":true,\"bookingdates\":{\"checkin\":\"2022-05-01\",\"checkout\":\"2022-05-05\"},\"additionalneeds\":\"Breakfast\"}\n\n-----------------------------------------------------------\n\nThe response we got was:\n\nStatus: 503 - Service Unavailable\nHeaders: {\n  \"connection\": \"keep-alive\",\n  \"server\": \"Cowboy\",\n  \"date\": \"Thu, 25 Jan 2024 18:45:00 GMT\",\n  \"content-length\": \"506\",\n  \"report-to\": \"{\\\"group\\\":\\\"heroku-nel\\\",\\\"max_age\\\":3600,\\\"endpoints\\\":[{\\\"url\\\":\\\"https://nel.heroku.com/reports?ts=1706208301&sid=c46efe9b-d3d2-4a0c-8c76-bfafa16c5add&s=VXy2d5W9pT40ZiBX%2Bl%2BBnoX5Y27%2BN%2B1KaZQUAfQENpo%3D\\\"}]}\",\n  \"reporting-endpoints\": \"heroku-nel=https://nel.heroku.com/reports?ts=1706208301&sid=c46efe9b-d3d2-4a0c-8c76-bfafa16c5add&s=VXy2d5W9pT40ZiBX%2Bl%2BBnoX5Y27%2BN%2B1KaZQUAfQENpo%3D\",\n  \"nel\": \"{\\\"report_to\\\":\\\"heroku-nel\\\",\\\"max_age\\\":3600,\\\"success_fraction\\\":0.005,\\\"failure_fraction\\\":0.05,\\\"response_headers\\\":[\\\"Via\\\"]}\",\n  \"content-type\": \"text/html; charset=utf-8\",\n  \"cache-control\": \"no-cache, no-store\"\n}\nBody: <!DOCTYPE html>\n\t<html>\n\t  <head>\n\t\t<meta name=\"viewport\" content=\"width=device-width, initial-scale=1\">\n\t\t<meta charset=\"utf-8\">\n\t\t<title>Application Error</title>\n\t\t<style media=\"screen\">\n\t\t  html,body,iframe {\n\t\t\tmargin: 0;\n\t\t\tpadding: 0;\n\t\t  }\n\t\t  html,body {\n\t\t\theight: 100%;\n\t\t\toverflow: hidden;\n\t\t  }\n\t\t  iframe {\n\t\t\twidth: 100%;\n\t\t\theight: 100%;\n\t\t\tborder: 0;\n\t\t  }\n\t\t</style>\n\t  </head>\n\t  <body>\n\t\t<iframe src=\"//www.herokucdn.com/error-pages/application-error.html\"></iframe>\n\t  </body>\n\t</html>\n\n\nhttps://on.cypress.io/request",
                "estack": "CypressError: `cy.request()` failed on:\n\nhttps://restful-booker.herokuapp.com/booking\n\nThe response we received from your web server was:\n\n  > 503: Service Unavailable\n\nThis was considered a failure because the status code was not `2xx` or `3xx`.\n\nIf you do not want status codes to cause failures pass the option: `failOnStatusCode: false`\n\n-----------------------------------------------------------\n\nThe request we sent was:\n\nMethod: POST\nURL: https://restful-booker.herokuapp.com/booking\nHeaders: {\n  \"Connection\": \"keep-alive\",\n  \"Authorization\": \"Bearer undefined\",\n  \"user-agent\": \"Mozilla/5.0 (Macintosh; Intel Mac OS X 10_15_7) AppleWebKit/537.36 (KHTML, like Gecko) Cypress/13.6.3 Chrome/114.0.5735.289 Electron/25.8.4 Safari/537.36\",\n  \"accept\": \"*/*\",\n  \"accept-encoding\": \"gzip, deflate\",\n  \"content-type\": \"application/json\",\n  \"content-length\": 167\n}\nBody: {\"firstname\":\"John\",\"lastname\":\"Doe\",\"totalprice\":200,\"depositpaid\":true,\"bookingdates\":{\"checkin\":\"2022-05-01\",\"checkout\":\"2022-05-05\"},\"additionalneeds\":\"Breakfast\"}\n\n-----------------------------------------------------------\n\nThe response we got was:\n\nStatus: 503 - Service Unavailable\nHeaders: {\n  \"connection\": \"keep-alive\",\n  \"server\": \"Cowboy\",\n  \"date\": \"Thu, 25 Jan 2024 18:45:00 GMT\",\n  \"content-length\": \"506\",\n  \"report-to\": \"{\\\"group\\\":\\\"heroku-nel\\\",\\\"max_age\\\":3600,\\\"endpoints\\\":[{\\\"url\\\":\\\"https://nel.heroku.com/reports?ts=1706208301&sid=c46efe9b-d3d2-4a0c-8c76-bfafa16c5add&s=VXy2d5W9pT40ZiBX%2Bl%2BBnoX5Y27%2BN%2B1KaZQUAfQENpo%3D\\\"}]}\",\n  \"reporting-endpoints\": \"heroku-nel=https://nel.heroku.com/reports?ts=1706208301&sid=c46efe9b-d3d2-4a0c-8c76-bfafa16c5add&s=VXy2d5W9pT40ZiBX%2Bl%2BBnoX5Y27%2BN%2B1KaZQUAfQENpo%3D\",\n  \"nel\": \"{\\\"report_to\\\":\\\"heroku-nel\\\",\\\"max_age\\\":3600,\\\"success_fraction\\\":0.005,\\\"failure_fraction\\\":0.05,\\\"response_headers\\\":[\\\"Via\\\"]}\",\n  \"content-type\": \"text/html; charset=utf-8\",\n  \"cache-control\": \"no-cache, no-store\"\n}\nBody: <!DOCTYPE html>\n\t<html>\n\t  <head>\n\t\t<meta name=\"viewport\" content=\"width=device-width, initial-scale=1\">\n\t\t<meta charset=\"utf-8\">\n\t\t<title>Application Error</title>\n\t\t<style media=\"screen\">\n\t\t  html,body,iframe {\n\t\t\tmargin: 0;\n\t\t\tpadding: 0;\n\t\t  }\n\t\t  html,body {\n\t\t\theight: 100%;\n\t\t\toverflow: hidden;\n\t\t  }\n\t\t  iframe {\n\t\t\twidth: 100%;\n\t\t\theight: 100%;\n\t\t\tborder: 0;\n\t\t  }\n\t\t</style>\n\t  </head>\n\t  <body>\n\t\t<iframe src=\"//www.herokucdn.com/error-pages/application-error.html\"></iframe>\n\t  </body>\n\t</html>\n\n\nhttps://on.cypress.io/request\n    at <unknown> (https://ecommerce-playground.lambdatest.io/__cypress/runner/cypress_runner.js:133030:72)\n    at tryCatcher (https://ecommerce-playground.lambdatest.io/__cypress/runner/cypress_runner.js:1807:23)\n    at Promise._settlePromiseFromHandler (https://ecommerce-playground.lambdatest.io/__cypress/runner/cypress_runner.js:1519:31)\n    at Promise._settlePromise (https://ecommerce-playground.lambdatest.io/__cypress/runner/cypress_runner.js:1576:18)\n    at Promise._settlePromise0 (https://ecommerce-playground.lambdatest.io/__cypress/runner/cypress_runner.js:1621:10)\n    at Promise._settlePromises (https://ecommerce-playground.lambdatest.io/__cypress/runner/cypress_runner.js:1701:18)\n    at _drainQueueStep (https://ecommerce-playground.lambdatest.io/__cypress/runner/cypress_runner.js:2407:12)\n    at _drainQueue (https://ecommerce-playground.lambdatest.io/__cypress/runner/cypress_runner.js:2400:9)\n    at Async._drainQueues (https://ecommerce-playground.lambdatest.io/__cypress/runner/cypress_runner.js:2416:5)\n    at Async.drainQueues (https://ecommerce-playground.lambdatest.io/__cypress/runner/cypress_runner.js:2286:14)\nFrom Your Spec Code:\n    at Context.eval (cypress/e2e/api_tests_spec.js:50:9)",
                "diff": null
              },
              "uuid": "7592413a-7990-42d5-a7a1-5b89a44cf53f",
              "parentUUID": "e966013d-da97-4bfb-acea-c44d417f7c50",
              "isHook": false,
              "skipped": false
            },
            {
              "title": "Update a Booking",
              "fullTitle": "API Automation Tests Update a Booking",
              "timedOut": null,
              "duration": 744,
              "state": "failed",
              "speed": null,
              "pass": false,
              "fail": true,
              "pending": false,
              "context": null,
              "code": "var updatedBookingData = {\n  firstname: 'UpdatedJohn',\n  lastname: 'UpdatedDoe'\n};\ncy.request({\n  method: 'PUT',\n  url: \"https://restful-booker.herokuapp.com/booking/\".concat(bookingId),\n  headers: {\n    Authorization: \"Bearer \".concat(authToken)\n  },\n  body: updatedBookingData\n}).then(function (response) {\n  expect(response.status).to.equal(200);\n  expect(response.body.firstname).to.equal('UpdatedJohn');\n  expect(response.body.lastname).to.equal('UpdatedDoe');\n});",
              "err": {
                "message": "CypressError: `cy.request()` failed on:\n\nhttps://restful-booker.herokuapp.com/booking/undefined\n\nThe response we received from your web server was:\n\n  > 503: Service Unavailable\n\nThis was considered a failure because the status code was not `2xx` or `3xx`.\n\nIf you do not want status codes to cause failures pass the option: `failOnStatusCode: false`\n\n-----------------------------------------------------------\n\nThe request we sent was:\n\nMethod: PUT\nURL: https://restful-booker.herokuapp.com/booking/undefined\nHeaders: {\n  \"Connection\": \"keep-alive\",\n  \"Authorization\": \"Bearer undefined\",\n  \"user-agent\": \"Mozilla/5.0 (Macintosh; Intel Mac OS X 10_15_7) AppleWebKit/537.36 (KHTML, like Gecko) Cypress/13.6.3 Chrome/114.0.5735.289 Electron/25.8.4 Safari/537.36\",\n  \"accept\": \"*/*\",\n  \"accept-encoding\": \"gzip, deflate\",\n  \"content-type\": \"application/json\",\n  \"content-length\": 51\n}\nBody: {\"firstname\":\"UpdatedJohn\",\"lastname\":\"UpdatedDoe\"}\n\n-----------------------------------------------------------\n\nThe response we got was:\n\nStatus: 503 - Service Unavailable\nHeaders: {\n  \"connection\": \"keep-alive\",\n  \"server\": \"Cowboy\",\n  \"date\": \"Thu, 25 Jan 2024 18:45:01 GMT\",\n  \"content-length\": \"506\",\n  \"report-to\": \"{\\\"group\\\":\\\"heroku-nel\\\",\\\"max_age\\\":3600,\\\"endpoints\\\":[{\\\"url\\\":\\\"https://nel.heroku.com/reports?ts=1706208301&sid=c46efe9b-d3d2-4a0c-8c76-bfafa16c5add&s=VXy2d5W9pT40ZiBX%2Bl%2BBnoX5Y27%2BN%2B1KaZQUAfQENpo%3D\\\"}]}\",\n  \"reporting-endpoints\": \"heroku-nel=https://nel.heroku.com/reports?ts=1706208301&sid=c46efe9b-d3d2-4a0c-8c76-bfafa16c5add&s=VXy2d5W9pT40ZiBX%2Bl%2BBnoX5Y27%2BN%2B1KaZQUAfQENpo%3D\",\n  \"nel\": \"{\\\"report_to\\\":\\\"heroku-nel\\\",\\\"max_age\\\":3600,\\\"success_fraction\\\":0.005,\\\"failure_fraction\\\":0.05,\\\"response_headers\\\":[\\\"Via\\\"]}\",\n  \"content-type\": \"text/html; charset=utf-8\",\n  \"cache-control\": \"no-cache, no-store\"\n}\nBody: <!DOCTYPE html>\n\t<html>\n\t  <head>\n\t\t<meta name=\"viewport\" content=\"width=device-width, initial-scale=1\">\n\t\t<meta charset=\"utf-8\">\n\t\t<title>Application Error</title>\n\t\t<style media=\"screen\">\n\t\t  html,body,iframe {\n\t\t\tmargin: 0;\n\t\t\tpadding: 0;\n\t\t  }\n\t\t  html,body {\n\t\t\theight: 100%;\n\t\t\toverflow: hidden;\n\t\t  }\n\t\t  iframe {\n\t\t\twidth: 100%;\n\t\t\theight: 100%;\n\t\t\tborder: 0;\n\t\t  }\n\t\t</style>\n\t  </head>\n\t  <body>\n\t\t<iframe src=\"//www.herokucdn.com/error-pages/application-error.html\"></iframe>\n\t  </body>\n\t</html>\n\n\nhttps://on.cypress.io/request",
                "estack": "CypressError: `cy.request()` failed on:\n\nhttps://restful-booker.herokuapp.com/booking/undefined\n\nThe response we received from your web server was:\n\n  > 503: Service Unavailable\n\nThis was considered a failure because the status code was not `2xx` or `3xx`.\n\nIf you do not want status codes to cause failures pass the option: `failOnStatusCode: false`\n\n-----------------------------------------------------------\n\nThe request we sent was:\n\nMethod: PUT\nURL: https://restful-booker.herokuapp.com/booking/undefined\nHeaders: {\n  \"Connection\": \"keep-alive\",\n  \"Authorization\": \"Bearer undefined\",\n  \"user-agent\": \"Mozilla/5.0 (Macintosh; Intel Mac OS X 10_15_7) AppleWebKit/537.36 (KHTML, like Gecko) Cypress/13.6.3 Chrome/114.0.5735.289 Electron/25.8.4 Safari/537.36\",\n  \"accept\": \"*/*\",\n  \"accept-encoding\": \"gzip, deflate\",\n  \"content-type\": \"application/json\",\n  \"content-length\": 51\n}\nBody: {\"firstname\":\"UpdatedJohn\",\"lastname\":\"UpdatedDoe\"}\n\n-----------------------------------------------------------\n\nThe response we got was:\n\nStatus: 503 - Service Unavailable\nHeaders: {\n  \"connection\": \"keep-alive\",\n  \"server\": \"Cowboy\",\n  \"date\": \"Thu, 25 Jan 2024 18:45:01 GMT\",\n  \"content-length\": \"506\",\n  \"report-to\": \"{\\\"group\\\":\\\"heroku-nel\\\",\\\"max_age\\\":3600,\\\"endpoints\\\":[{\\\"url\\\":\\\"https://nel.heroku.com/reports?ts=1706208301&sid=c46efe9b-d3d2-4a0c-8c76-bfafa16c5add&s=VXy2d5W9pT40ZiBX%2Bl%2BBnoX5Y27%2BN%2B1KaZQUAfQENpo%3D\\\"}]}\",\n  \"reporting-endpoints\": \"heroku-nel=https://nel.heroku.com/reports?ts=1706208301&sid=c46efe9b-d3d2-4a0c-8c76-bfafa16c5add&s=VXy2d5W9pT40ZiBX%2Bl%2BBnoX5Y27%2BN%2B1KaZQUAfQENpo%3D\",\n  \"nel\": \"{\\\"report_to\\\":\\\"heroku-nel\\\",\\\"max_age\\\":3600,\\\"success_fraction\\\":0.005,\\\"failure_fraction\\\":0.05,\\\"response_headers\\\":[\\\"Via\\\"]}\",\n  \"content-type\": \"text/html; charset=utf-8\",\n  \"cache-control\": \"no-cache, no-store\"\n}\nBody: <!DOCTYPE html>\n\t<html>\n\t  <head>\n\t\t<meta name=\"viewport\" content=\"width=device-width, initial-scale=1\">\n\t\t<meta charset=\"utf-8\">\n\t\t<title>Application Error</title>\n\t\t<style media=\"screen\">\n\t\t  html,body,iframe {\n\t\t\tmargin: 0;\n\t\t\tpadding: 0;\n\t\t  }\n\t\t  html,body {\n\t\t\theight: 100%;\n\t\t\toverflow: hidden;\n\t\t  }\n\t\t  iframe {\n\t\t\twidth: 100%;\n\t\t\theight: 100%;\n\t\t\tborder: 0;\n\t\t  }\n\t\t</style>\n\t  </head>\n\t  <body>\n\t\t<iframe src=\"//www.herokucdn.com/error-pages/application-error.html\"></iframe>\n\t  </body>\n\t</html>\n\n\nhttps://on.cypress.io/request\n    at <unknown> (https://ecommerce-playground.lambdatest.io/__cypress/runner/cypress_runner.js:133030:72)\n    at tryCatcher (https://ecommerce-playground.lambdatest.io/__cypress/runner/cypress_runner.js:1807:23)\n    at Promise._settlePromiseFromHandler (https://ecommerce-playground.lambdatest.io/__cypress/runner/cypress_runner.js:1519:31)\n    at Promise._settlePromise (https://ecommerce-playground.lambdatest.io/__cypress/runner/cypress_runner.js:1576:18)\n    at Promise._settlePromise0 (https://ecommerce-playground.lambdatest.io/__cypress/runner/cypress_runner.js:1621:10)\n    at Promise._settlePromises (https://ecommerce-playground.lambdatest.io/__cypress/runner/cypress_runner.js:1701:18)\n    at _drainQueueStep (https://ecommerce-playground.lambdatest.io/__cypress/runner/cypress_runner.js:2407:12)\n    at _drainQueue (https://ecommerce-playground.lambdatest.io/__cypress/runner/cypress_runner.js:2400:9)\n    at Async._drainQueues (https://ecommerce-playground.lambdatest.io/__cypress/runner/cypress_runner.js:2416:5)\n    at Async.drainQueues (https://ecommerce-playground.lambdatest.io/__cypress/runner/cypress_runner.js:2286:14)\nFrom Your Spec Code:\n    at Context.eval (cypress/e2e/api_tests_spec.js:70:9)",
                "diff": null
              },
              "uuid": "ceb7b0d1-d7af-4793-8a16-0990f7ecc837",
              "parentUUID": "e966013d-da97-4bfb-acea-c44d417f7c50",
              "isHook": false,
              "skipped": false
            }
          ],
          "suites": [],
          "passes": [],
          "failures": [
            "c3e0c4a0-e5aa-40a3-b17b-578993c41445",
            "d946b6ca-f02f-4b09-850a-002c0590591a",
            "7592413a-7990-42d5-a7a1-5b89a44cf53f",
            "ceb7b0d1-d7af-4793-8a16-0990f7ecc837"
          ],
          "pending": [],
          "skipped": [],
          "duration": 3546,
          "root": false,
          "rootEmpty": false,
          "_timeout": 2000
        }
      ],
      "passes": [],
      "failures": [],
      "pending": [],
      "skipped": [],
      "duration": 0,
      "root": true,
      "rootEmpty": true,
      "_timeout": 2000
    }
  ],
  "meta": {
    "mocha": {
      "version": "7.0.1"
    },
    "mochawesome": {
      "options": {
        "quiet": false,
        "reportFilename": "cypressMochawesomeReport",
        "saveHtml": false,
        "saveJson": true,
        "consoleReporter": "spec",
        "useInlineDiffs": false,
        "code": true
      },
      "version": "7.1.3"
    },
    "marge": {
      "options": {
        "reportFilename": "cypressMochawesomeReport",
        "videoOnFailOnly": "true",
        "overwrite": false,
        "html": false,
        "json": true,
        "reportDir": "cypress/reports/html/.jsons"
      },
      "version": "6.2.0"
    }
  }
}